[13/Mar/2026 11:23:54] "GET /api/products/ HTTP/1.1" 200 991
[13/Mar/2026 11:23:54,486] - Broken pipe from ('127.0.0.1', 58731)
[13/Mar/2026 11:24:12] "GET /api/products/ HTTP/1.1" 200 991
[13/Mar/2026 11:24:13,048] - Broken pipe from ('127.0.0.1', 58737)
[13/Mar/2026 11:24:30] "GET /api/auth/me/ HTTP/1.1" 200 85
[13/Mar/2026 11:24:30] "GET /api/products/ HTTP/1.1" 200 991
[13/Mar/2026 11:24:30] "GET /api/auth/me/ HTTP/1.1" 200 85
[13/Mar/2026 11:24:30] "GET /api/products/ HTTP/1.1" 200 991
[13/Mar/2026 11:24:30] "GET /media/products/images.jpg HTTP/1.1" 200 5615
[13/Mar/2026 11:24:34] "GET /api/auth/me/ HTTP/1.1" 200 85
[13/Mar/2026 11:24:34] "GET /api/auth/me/ HTTP/1.1" 200 85
[13/Mar/2026 11:24:34] "GET /api/orders/dashboard/ HTTP/1.1" 200 85
[13/Mar/2026 11:24:34] "GET /api/orders/dashboard/ HTTP/1.1" 200 85
[13/Mar/2026 11:24:46] "GET /api/products/ HTTP/1.1" 200 991
[13/Mar/2026 11:24:46] "GET /api/products/ HTTP/1.1" 200 991
[13/Mar/2026 11:24:54] "GET /api/products/ HTTP/1.1" 200 991
[13/Mar/2026 11:24:54] "GET /api/products/ HTTP/1.1" 200 991
[13/Mar/2026 11:24:59] "GET /api/auth/me/ HTTP/1.1" 200 85
[13/Mar/2026 11:24:59] "GET /api/auth/me/ HTTP/1.1" 200 85
[13/Mar/2026 11:24:59] "GET /api/orders/dashboard/ HTTP/1.1" 200 85
[13/Mar/2026 11:24:59] "GET /api/orders/dashboard/ HTTP/1.1" 200 85
[13/Mar/2026 11:25:05] "GET /api/auth/me/ HTTP/1.1" 200 85
[13/Mar/2026 11:25:05] "GET /api/auth/staff/ HTTP/1.1" 200 229
[13/Mar/2026 11:25:05] "GET /api/auth/staff/ HTTP/1.1" 200 229
[13/Mar/2026 11:25:48] "POST /api/auth/staff/ HTTP/1.1" 201 112
[13/Mar/2026 11:25:48] "GET /api/auth/staff/ HTTP/1.1" 200 342
[13/Mar/2026 11:25:52] "GET /api/products/ HTTP/1.1" 200 991
[13/Mar/2026 11:25:52] "GET /api/products/ HTTP/1.1" 200 991
[13/Mar/2026 11:25:52] "GET /media/products/images.jpg HTTP/1.1" 304 0
[13/Mar/2026 11:26:11] "POST /api/auth/login/ HTTP/1.1" 200 622
[13/Mar/2026 11:26:11] "GET /api/auth/me/ HTTP/1.1" 200 95
Unauthorized: /api/auth/me/
[13/Mar/2026 11:26:25] "GET /api/auth/me/ HTTP/1.1" 401 58
[13/Mar/2026 11:26:53] "POST /api/auth/login/ HTTP/1.1" 200 622
[13/Mar/2026 11:26:53] "GET /api/auth/me/ HTTP/1.1" 200 87
[13/Mar/2026 11:26:53] "GET /api/cart/ HTTP/1.1" 200 98
[13/Mar/2026 11:26:53] "GET /api/products/ HTTP/1.1" 200 991
[13/Mar/2026 11:26:53] "GET /api/products/ HTTP/1.1" 200 991
[13/Mar/2026 11:26:53] "GET /media/products/images.jpg HTTP/1.1" 304 0
[13/Mar/2026 11:28:47] "POST /api/auth/login/ HTTP/1.1" 200 619
[13/Mar/2026 11:28:47] "GET /api/auth/me/ HTTP/1.1" 200 93
[13/Mar/2026 11:28:47] "GET /api/cart/ HTTP/1.1" 200 12
[13/Mar/2026 11:28:47] "OPTIONS /api/cart/clear/ HTTP/1.1" 200 0
[13/Mar/2026 11:28:47] "GET /api/products/ HTTP/1.1" 200 991
[13/Mar/2026 11:28:47] "DELETE /api/cart/clear/ HTTP/1.1" 200 21
[13/Mar/2026 11:28:47] "OPTIONS /api/cart/sync/ HTTP/1.1" 200 0
[13/Mar/2026 11:28:47] "GET /api/products/ HTTP/1.1" 200 991
[13/Mar/2026 11:28:47] "POST /api/cart/sync/ HTTP/1.1" 200 20
[13/Mar/2026 11:31:05] "GET /api/products/ HTTP/1.1" 200 991
[13/Mar/2026 11:31:43] "OPTIONS /api/products/ HTTP/1.1" 200 0
[13/Mar/2026 11:31:43] "OPTIONS /api/cart/ HTTP/1.1" 200 0
[13/Mar/2026 11:31:43] "OPTIONS /api/auth/me/ HTTP/1.1" 200 0
[13/Mar/2026 11:31:43] "OPTIONS /api/products/ HTTP/1.1" 200 0
[13/Mar/2026 11:31:43] "OPTIONS /api/cart/ HTTP/1.1" 200 0
[13/Mar/2026 11:31:43] "OPTIONS /api/auth/me/ HTTP/1.1" 200 0
[13/Mar/2026 11:31:43] "GET /api/auth/me/ HTTP/1.1" 200 93
[13/Mar/2026 11:31:43] "GET /api/cart/ HTTP/1.1" 200 98
[13/Mar/2026 11:31:43] "GET /api/auth/me/ HTTP/1.1" 200 93
[13/Mar/2026 11:31:43] "GET /api/products/ HTTP/1.1" 200 991
[13/Mar/2026 11:31:43] "GET /api/cart/ HTTP/1.1" 200 98
[13/Mar/2026 11:31:43] "GET /api/products/ HTTP/1.1" 200 991
[13/Mar/2026 11:31:43] "GET /media/products/images.jpg HTTP/1.1" 304 0
[13/Mar/2026 11:31:47] "GET /api/auth/me/ HTTP/1.1" 200 93
[13/Mar/2026 11:31:47] "GET /api/cart/ HTTP/1.1" 200 98
[13/Mar/2026 11:31:47] "GET /api/auth/me/ HTTP/1.1" 200 93
[13/Mar/2026 11:31:47] "GET /api/cart/ HTTP/1.1" 200 98
[13/Mar/2026 11:31:47] "GET /api/subscriptions/ HTTP/1.1" 200 2
[13/Mar/2026 11:31:47] "GET /api/products/ HTTP/1.1" 200 991
[13/Mar/2026 11:31:47] "GET /api/subscriptions/ HTTP/1.1" 200 2
[13/Mar/2026 11:31:47] "GET /api/products/ HTTP/1.1" 200 991
[13/Mar/2026 11:31:51] "GET /api/products/ HTTP/1.1" 200 991
[13/Mar/2026 11:31:51] "GET /api/products/ HTTP/1.1" 200 991
[13/Mar/2026 11:32:04] "GET /api/subscriptions/ HTTP/1.1" 200 2
[13/Mar/2026 11:32:04] "GET /api/subscriptions/ HTTP/1.1" 200 2
[13/Mar/2026 11:32:08] "GET /api/products/ HTTP/1.1" 200 991
[13/Mar/2026 11:32:08] "GET /api/products/ HTTP/1.1" 200 991
[13/Mar/2026 11:47:42] "GET /api/auth/me/ HTTP/1.1" 200 93
[13/Mar/2026 11:47:42] "GET /api/products/ HTTP/1.1" 200 991
[13/Mar/2026 11:47:42] "GET /api/cart/ HTTP/1.1" 200 98
[13/Mar/2026 11:47:42] "GET /api/auth/me/ HTTP/1.1" 200 93
[13/Mar/2026 11:47:42] "GET /api/products/ HTTP/1.1" 200 991
[13/Mar/2026 11:47:42] "GET /api/cart/ HTTP/1.1" 200 98
[13/Mar/2026 11:47:42] "GET /media/products/images.jpg HTTP/1.1" 304 0
[13/Mar/2026 11:47:55] "GET /api/auth/me/ HTTP/1.1" 200 93
[13/Mar/2026 11:47:55] "GET /api/cart/ HTTP/1.1" 200 98
[13/Mar/2026 11:47:55] "GET /api/auth/me/ HTTP/1.1" 200 93
[13/Mar/2026 11:47:55] "GET /api/products/ HTTP/1.1" 200 991
[13/Mar/2026 11:47:55] "GET /api/cart/ HTTP/1.1" 200 98
[13/Mar/2026 11:47:55] "GET /api/products/ HTTP/1.1" 200 991
[13/Mar/2026 11:48:52] "GET /api/auth/me/ HTTP/1.1" 200 93
[13/Mar/2026 11:48:52] "GET /api/cart/ HTTP/1.1" 200 98
[13/Mar/2026 11:48:52] "GET /api/products/ HTTP/1.1" 200 991
[13/Mar/2026 11:48:52] "GET /api/auth/me/ HTTP/1.1" 200 93
[13/Mar/2026 11:48:52] "GET /api/cart/ HTTP/1.1" 200 98
[13/Mar/2026 11:48:52] "GET /api/products/ HTTP/1.1" 200 991
[13/Mar/2026 11:49:50] "GET /api/auth/me/ HTTP/1.1" 200 93
[13/Mar/2026 11:49:50] "GET /api/auth/me/ HTTP/1.1" 200 93
[13/Mar/2026 11:49:50] "GET /api/cart/ HTTP/1.1" 200 98
[13/Mar/2026 11:49:50] "GET /api/products/ HTTP/1.1" 200 991
[13/Mar/2026 11:49:50] "GET /api/cart/ HTTP/1.1" 200 98
[13/Mar/2026 11:49:50] "GET /api/products/ HTTP/1.1" 200 991
[13/Mar/2026 11:50:23] "GET /api/subscriptions/ HTTP/1.1" 200 2
[13/Mar/2026 11:50:23] "GET /api/subscriptions/ HTTP/1.1" 200 2
[13/Mar/2026 11:50:26] "GET /api/products/ HTTP/1.1" 200 991
[13/Mar/2026 11:50:26] "GET /api/products/ HTTP/1.1" 200 991
[13/Mar/2026 11:50:30] "OPTIONS /api/cart/add/ HTTP/1.1" 200 0
[13/Mar/2026 11:50:31] "POST /api/cart/add/ HTTP/1.1" 200 27
[13/Mar/2026 11:50:34] "OPTIONS /api/cart/update_item/ HTTP/1.1" 200 0
[13/Mar/2026 11:50:34] "PATCH /api/cart/update_item/ HTTP/1.1" 200 21
[13/Mar/2026 11:50:42] "GET /api/products/ HTTP/1.1" 200 991
[13/Mar/2026 11:50:42] "GET /api/products/ HTTP/1.1" 200 991
[13/Mar/2026 11:50:42] "GET /media/products/images.jpg HTTP/1.1" 304 0
[13/Mar/2026 11:50:44] "GET /api/subscriptions/ HTTP/1.1" 200 2
[13/Mar/2026 11:50:44] "GET /api/subscriptions/ HTTP/1.1" 200 2
[13/Mar/2026 11:50:44] "GET /api/products/ HTTP/1.1" 200 991
[13/Mar/2026 11:50:44] "GET /api/products/ HTTP/1.1" 200 991
[13/Mar/2026 11:51:05] "POST /api/subscriptions/ HTTP/1.1" 201 132
[13/Mar/2026 11:51:05] "GET /api/subscriptions/ HTTP/1.1" 200 134
[13/Mar/2026 11:51:05] "GET /api/products/ HTTP/1.1" 200 991
[13/Mar/2026 11:51:19] "OPTIONS /api/subscriptions/7/ HTTP/1.1" 200 0
[13/Mar/2026 11:51:19] "PATCH /api/subscriptions/7/ HTTP/1.1" 200 133
[13/Mar/2026 11:51:19] "GET /api/subscriptions/ HTTP/1.1" 200 135
[13/Mar/2026 11:51:19] "GET /api/products/ HTTP/1.1" 200 991
[13/Mar/2026 11:51:34] "POST /api/subscriptions/ HTTP/1.1" 201 133
[13/Mar/2026 11:51:34] "GET /api/subscriptions/ HTTP/1.1" 200 269
[13/Mar/2026 11:51:34] "GET /api/products/ HTTP/1.1" 200 991
[13/Mar/2026 11:53:23] "GET /api/auth/me/ HTTP/1.1" 200 93
[13/Mar/2026 11:53:23] "GET /api/cart/ HTTP/1.1" 200 191
[13/Mar/2026 11:53:23] "GET /api/auth/me/ HTTP/1.1" 200 93
[13/Mar/2026 11:53:23] "GET /api/cart/ HTTP/1.1" 200 191
[13/Mar/2026 11:53:23] "GET /api/subscriptions/ HTTP/1.1" 200 269
[13/Mar/2026 11:53:23] "GET /api/products/ HTTP/1.1" 200 991
[13/Mar/2026 11:53:23] "GET /api/subscriptions/ HTTP/1.1" 200 269
[13/Mar/2026 11:53:23] "GET /api/products/ HTTP/1.1" 200 991
[13/Mar/2026 11:53:40] "OPTIONS /api/subscriptions/8/ HTTP/1.1" 200 0
[13/Mar/2026 11:53:40] "PATCH /api/subscriptions/8/ HTTP/1.1" 200 134
[13/Mar/2026 11:53:40] "GET /api/subscriptions/ HTTP/1.1" 200 270
[13/Mar/2026 11:53:40] "GET /api/products/ HTTP/1.1" 200 991
[13/Mar/2026 11:53:52] "POST /api/subscriptions/ HTTP/1.1" 201 133
[13/Mar/2026 11:53:52] "GET /api/subscriptions/ HTTP/1.1" 200 404
[13/Mar/2026 11:53:52] "GET /api/products/ HTTP/1.1" 200 991
[13/Mar/2026 11:54:25] "POST /api/auth/login/ HTTP/1.1" 200 619
[13/Mar/2026 11:54:25] "GET /api/auth/me/ HTTP/1.1" 200 85
[13/Mar/2026 11:54:25] "GET /api/orders/dashboard/ HTTP/1.1" 200 85
[13/Mar/2026 11:54:25] "GET /api/orders/dashboard/ HTTP/1.1" 200 85
[13/Mar/2026 11:54:53] "GET /api/subscriptions/ HTTP/1.1" 200 1187
[13/Mar/2026 11:54:53] "GET /api/subscriptions/ HTTP/1.1" 200 1187
[13/Mar/2026 11:54:58] "OPTIONS /api/subscriptions/run_daily/ HTTP/1.1" 200 0
[13/Mar/2026 11:54:58] "POST /api/subscriptions/run_daily/ HTTP/1.1" 200 71
[13/Mar/2026 11:54:58] "GET /api/subscriptions/ HTTP/1.1" 200 1187
[13/Mar/2026 11:55:00] "POST /api/subscriptions/run_daily/ HTTP/1.1" 200 71
[13/Mar/2026 11:55:01] "GET /api/subscriptions/ HTTP/1.1" 200 1187
[13/Mar/2026 11:55:01] "POST /api/subscriptions/run_daily/ HTTP/1.1" 200 71
[13/Mar/2026 11:55:01] "GET /api/subscriptions/ HTTP/1.1" 200 1187
